2026-04-22 15:21:59,178 - main - INFO - === Logging system initialized ===
2026-04-22 15:21:59,178 - main - INFO - Log file: logs/app_20260422_152159.log
2026-04-22 15:21:59,178 - main - INFO - Log level: INFO
2026-04-22 15:21:59,179 - main - INFO - Timestamp: 20260422_152159
2026-04-22 15:22:00,554 - main - INFO - Included router: routers.aihub.router
2026-04-22 15:22:00,585 - main - INFO - Included router: routers.auth.router
2026-04-22 15:22:00,649 - main - INFO - Included router: routers.characters.router
2026-04-22 15:22:00,703 - main - INFO - Included router: routers.game_sessions.router
2026-04-22 15:22:00,735 - main - INFO - Included router: routers.gm.router
2026-04-22 15:22:00,738 - main - INFO - Included router: routers.health.router
2026-04-22 15:22:00,759 - main - INFO - Included router: routers.settings.router
2026-04-22 15:22:00,797 - main - INFO - Included router: routers.storage.router
2026-04-22 15:22:00,810 - main - INFO - Included router: routers.user.router
2026-04-22 15:22:00,811 - main - INFO - === Application startup initiated ===
2026-04-22 15:22:00,811 - services.database - INFO - Ignore creating tables
2026-04-22 15:22:00,811 - services.mock_data - INFO - Ignore initialize data
2026-04-22 15:22:00,812 - services.auth - INFO - Ignore initialize admin
2026-04-22 15:22:00,812 - main - INFO - === Application startup completed successfully ===
2026-04-22 15:27:16,147 - core.config - DEBUG - Read dynamic attribute jwt_secret_key from environment variable JWT_SECRET_KEY
2026-04-22 15:27:16,147 - core.config - DEBUG - Read dynamic attribute jwt_algorithm from environment variable JWT_ALGORITHM
2026-04-22 15:27:16,165 - core.auth - DEBUG - Authentication token validated for user hash: 0ccf3a3e
2026-04-22 15:27:16,586 - core.auth - DEBUG - Authentication token validated for user hash: 0ccf3a3e
2026-04-22 15:27:16,587 - core.database - DEBUG - [DB_OP] Starting get_db session creation
2026-04-22 15:27:16,587 - core.database - WARNING - Database session maker not available, attempting lazy initialization...
2026-04-22 15:27:16,587 - core.database - WARNING - Database not initialized, attempting lazy initialization...
2026-04-22 15:27:16,587 - core.database - INFO - Starting database initialization...
2026-04-22 15:27:16,587 - core.config - DEBUG - Read dynamic attribute database_url from environment variable DATABASE_URL
2026-04-22 15:27:16,587 - core.database - INFO - Normalizing database URL for async compatibility...
2026-04-22 15:27:16,588 - core.database - INFO - Creating async database engine...
2026-04-22 15:27:16,588 - core.database - INFO - Using QueuePool with connection pooling for non-Lambda environment
2026-04-22 15:27:16,673 - core.database - INFO - Database engine created successfully
2026-04-22 15:27:16,674 - core.database - INFO - Creating async session maker...
2026-04-22 15:27:16,674 - core.database - INFO - Async session maker created successfully
2026-04-22 15:27:16,674 - core.database - INFO - Database connection initialized successfully
2026-04-22 15:27:16,675 - core.database - DEBUG - [DB_OP] Starting create_tables
2026-04-22 15:27:16,675 - core.database - INFO - 🔧 Starting table creation...
2026-04-22 15:27:18,671 - core.database - INFO - Tables initialized successfully
2026-04-22 15:27:18,672 - core.database - DEBUG - [DB_OP] Create tables completed in 1.9967s
2026-04-22 15:27:18,734 - core.database - INFO - Lazy database initialization completed successfully
2026-04-22 15:27:18,735 - core.database - DEBUG - [DB_OP] Database session created successfully in 2.1486s
2026-04-22 15:27:18,736 - routers.characters - DEBUG - Querying characterss: query={}, sort=-created_at, skip=0, limit=20, fields=None
2026-04-22 15:27:19,324 - routers.characters - DEBUG - Found 0 characterss
2026-04-22 15:27:19,325 - core.database - DEBUG - [DB_OP] Database session cleanup after 2.7384s
2026-04-22 15:31:17,632 - core.auth - DEBUG - Authentication token validated for user hash: 0ccf3a3e
2026-04-22 15:31:17,824 - core.auth - DEBUG - Authentication token validated for user hash: 0ccf3a3e
2026-04-22 15:31:17,825 - core.database - DEBUG - [DB_OP] Starting get_db session creation
2026-04-22 15:31:17,825 - core.database - DEBUG - [DB_OP] Database session created successfully in 0.0004s
2026-04-22 15:31:17,825 - routers.characters - DEBUG - Querying characterss: query={}, sort=-created_at, skip=0, limit=20, fields=None
2026-04-22 15:31:18,203 - routers.characters - DEBUG - Found 0 characterss
2026-04-22 15:31:18,204 - core.database - DEBUG - [DB_OP] Database session cleanup after 0.3796s
2026-04-22 15:35:19,857 - core.auth - DEBUG - Authentication token validated for user hash: 0ccf3a3e
2026-04-22 15:35:20,046 - core.auth - DEBUG - Authentication token validated for user hash: 0ccf3a3e
2026-04-22 15:35:20,046 - core.database - DEBUG - [DB_OP] Starting get_db session creation
2026-04-22 15:35:20,047 - core.database - DEBUG - [DB_OP] Database session created successfully in 0.0005s
2026-04-22 15:35:20,048 - routers.characters - DEBUG - Querying characterss: query={}, sort=-created_at, skip=0, limit=20, fields=None
2026-04-22 15:35:20,550 - routers.characters - DEBUG - Found 0 characterss
2026-04-22 15:35:20,551 - core.database - DEBUG - [DB_OP] Database session cleanup after 0.5041s
2026-04-22 15:35:35,705 - services.database - DEBUG - [DB_OP] Starting database close
2026-04-22 15:35:35,772 - core.database - INFO - Database connection closed and engine disposed
2026-04-22 15:35:35,773 - services.database - INFO - Database connections closed
2026-04-22 15:35:35,773 - services.database - DEBUG - [DB_OP] Database close completed in 0.0676s
