2026-04-27 03:12:27,178 - main - INFO - === Logging system initialized ===
2026-04-27 03:12:27,179 - main - INFO - Log file: logs/app_20260427_031227.log
2026-04-27 03:12:27,179 - main - INFO - Log level: INFO
2026-04-27 03:12:27,179 - main - INFO - Timestamp: 20260427_031227
2026-04-27 03:12:37,668 - main - INFO - Included router: routers.aihub.router
2026-04-27 03:12:37,750 - main - INFO - Included router: routers.auth.router
2026-04-27 03:12:37,839 - main - INFO - Included router: routers.characters.router
2026-04-27 03:12:37,948 - main - INFO - Included router: routers.game_sessions.router
2026-04-27 03:12:37,985 - main - INFO - Included router: routers.gm.router
2026-04-27 03:12:38,027 - main - INFO - Included router: routers.health.router
2026-04-27 03:12:38,078 - main - INFO - Included router: routers.settings.router
2026-04-27 03:12:38,178 - main - INFO - Included router: routers.storage.router
2026-04-27 03:12:38,225 - main - INFO - Included router: routers.user.router
2026-04-27 03:12:38,227 - main - INFO - === Application startup initiated ===
2026-04-27 03:12:38,227 - services.database - INFO - Ignore creating tables
2026-04-27 03:12:38,227 - services.mock_data - INFO - Ignore initialize data
2026-04-27 03:12:38,227 - services.auth - INFO - Ignore initialize admin
2026-04-27 03:12:38,227 - main - INFO - === Application startup completed successfully ===
2026-04-27 03:12:42,176 - core.config - DEBUG - Read dynamic attribute jwt_secret_key from environment variable JWT_SECRET_KEY
2026-04-27 03:12:42,176 - core.config - DEBUG - Read dynamic attribute jwt_algorithm from environment variable JWT_ALGORITHM
2026-04-27 03:12:42,334 - core.auth - DEBUG - Authentication token validated for user hash: 0ccf3a3e
2026-04-27 03:12:42,584 - core.auth - DEBUG - Authentication token validated for user hash: 0ccf3a3e
2026-04-27 03:12:42,584 - core.database - DEBUG - [DB_OP] Starting get_db session creation
2026-04-27 03:12:42,585 - core.database - WARNING - Database session maker not available, attempting lazy initialization...
2026-04-27 03:12:42,586 - core.database - WARNING - Database not initialized, attempting lazy initialization...
2026-04-27 03:12:42,586 - core.database - INFO - Starting database initialization...
2026-04-27 03:12:42,586 - core.config - DEBUG - Read dynamic attribute database_url from environment variable DATABASE_URL
2026-04-27 03:12:42,586 - core.database - INFO - Normalizing database URL for async compatibility...
2026-04-27 03:12:42,588 - core.database - INFO - Creating async database engine...
2026-04-27 03:12:42,588 - core.database - INFO - Using QueuePool with connection pooling for non-Lambda environment
2026-04-27 03:12:42,636 - core.database - INFO - Database engine created successfully
2026-04-27 03:12:42,636 - core.database - INFO - Creating async session maker...
2026-04-27 03:12:42,636 - core.database - INFO - Async session maker created successfully
2026-04-27 03:12:42,636 - core.database - INFO - Database connection initialized successfully
2026-04-27 03:12:42,636 - core.database - DEBUG - [DB_OP] Starting create_tables
2026-04-27 03:12:42,636 - core.database - INFO - 🔧 Starting table creation...
2026-04-27 03:12:44,080 - core.database - INFO - Tables initialized successfully
2026-04-27 03:12:44,080 - core.database - DEBUG - [DB_OP] Create tables completed in 1.4437s
2026-04-27 03:12:44,145 - core.database - INFO - Lazy database initialization completed successfully
2026-04-27 03:12:44,145 - core.database - DEBUG - [DB_OP] Database session created successfully in 1.5609s
2026-04-27 03:12:44,146 - routers.characters - DEBUG - Querying characterss: query={}, sort=-created_at, skip=0, limit=20, fields=None
2026-04-27 03:12:44,741 - routers.characters - DEBUG - Found 1 characterss
2026-04-27 03:12:44,742 - core.database - DEBUG - [DB_OP] Database session cleanup after 2.1580s
2026-04-27 03:14:05,595 - core.auth - DEBUG - Authentication token validated for user hash: 0ccf3a3e
2026-04-27 03:14:05,785 - core.auth - DEBUG - Authentication token validated for user hash: 0ccf3a3e
2026-04-27 03:14:05,786 - core.database - DEBUG - [DB_OP] Starting get_db session creation
2026-04-27 03:14:05,786 - core.database - DEBUG - [DB_OP] Database session created successfully in 0.0002s
2026-04-27 03:14:05,786 - routers.characters - DEBUG - Querying characterss: query={}, sort=-created_at, skip=0, limit=20, fields=None
2026-04-27 03:14:06,173 - routers.characters - DEBUG - Found 1 characterss
2026-04-27 03:14:06,174 - core.database - DEBUG - [DB_OP] Database session cleanup after 0.3882s
2026-04-27 03:16:28,777 - core.auth - DEBUG - Authentication token validated for user hash: 0ccf3a3e
2026-04-27 03:16:28,974 - core.auth - DEBUG - Authentication token validated for user hash: 0ccf3a3e
2026-04-27 03:16:28,975 - core.database - DEBUG - [DB_OP] Starting get_db session creation
2026-04-27 03:16:28,975 - core.database - DEBUG - [DB_OP] Database session created successfully in 0.0002s
2026-04-27 03:16:28,975 - routers.characters - DEBUG - Querying characterss: query={}, sort=-created_at, skip=0, limit=20, fields=None
2026-04-27 03:16:29,360 - routers.characters - DEBUG - Found 1 characterss
2026-04-27 03:16:29,361 - core.database - DEBUG - [DB_OP] Database session cleanup after 0.3866s
2026-04-27 03:17:01,478 - dependencies.auth - DEBUG - Authentication required for request GET /api/v1/auth/me
2026-04-27 03:17:40,734 - core.auth - DEBUG - Authentication token validated for user hash: 0ccf3a3e
2026-04-27 03:17:40,925 - core.auth - DEBUG - Authentication token validated for user hash: 0ccf3a3e
2026-04-27 03:17:40,925 - core.database - DEBUG - [DB_OP] Starting get_db session creation
2026-04-27 03:17:40,925 - core.database - DEBUG - [DB_OP] Database session created successfully in 0.0003s
2026-04-27 03:17:40,926 - routers.characters - DEBUG - Querying characterss: query={}, sort=-created_at, skip=0, limit=20, fields=None
2026-04-27 03:17:41,310 - routers.characters - DEBUG - Found 1 characterss
2026-04-27 03:17:41,311 - core.database - DEBUG - [DB_OP] Database session cleanup after 0.3857s
2026-04-27 03:17:43,297 - dependencies.auth - DEBUG - Authentication required for request GET /api/v1/auth/me
2026-04-27 03:17:44,541 - core.auth - DEBUG - Authentication token validated for user hash: 0ccf3a3e
2026-04-27 03:17:44,726 - core.auth - DEBUG - Authentication token validated for user hash: 0ccf3a3e
2026-04-27 03:17:44,727 - core.database - DEBUG - [DB_OP] Starting get_db session creation
2026-04-27 03:17:44,727 - core.database - DEBUG - [DB_OP] Database session created successfully in 0.0003s
2026-04-27 03:17:44,728 - routers.characters - DEBUG - Querying characterss: query={}, sort=-created_at, skip=0, limit=20, fields=None
2026-04-27 03:17:45,246 - routers.characters - DEBUG - Found 1 characterss
2026-04-27 03:17:45,247 - core.database - DEBUG - [DB_OP] Database session cleanup after 0.5199s
2026-04-27 03:18:02,251 - services.database - DEBUG - [DB_OP] Starting database close
2026-04-27 03:18:02,319 - core.database - INFO - Database connection closed and engine disposed
2026-04-27 03:18:02,319 - services.database - INFO - Database connections closed
2026-04-27 03:18:02,319 - services.database - DEBUG - [DB_OP] Database close completed in 0.0686s
