2026-04-27 05:09:06,475 - main - INFO - === Logging system initialized ===
2026-04-27 05:09:06,476 - main - INFO - Log file: logs/app_20260427_050906.log
2026-04-27 05:09:06,476 - main - INFO - Log level: INFO
2026-04-27 05:09:06,476 - main - INFO - Timestamp: 20260427_050906
2026-04-27 05:09:07,464 - main - INFO - Included router: routers.aihub.router
2026-04-27 05:09:07,483 - main - INFO - Included router: routers.auth.router
2026-04-27 05:09:07,540 - main - INFO - Included router: routers.characters.router
2026-04-27 05:09:07,590 - main - INFO - Included router: routers.game_sessions.router
2026-04-27 05:09:07,605 - main - INFO - Included router: routers.gm.router
2026-04-27 05:09:07,607 - main - INFO - Included router: routers.health.router
2026-04-27 05:09:07,629 - main - INFO - Included router: routers.settings.router
2026-04-27 05:09:07,670 - main - INFO - Included router: routers.storage.router
2026-04-27 05:09:07,679 - main - INFO - Included router: routers.user.router
2026-04-27 05:09:07,681 - main - INFO - === Application startup initiated ===
2026-04-27 05:09:07,681 - services.database - INFO - Ignore creating tables
2026-04-27 05:09:07,681 - services.mock_data - INFO - Ignore initialize data
2026-04-27 05:09:07,681 - services.auth - INFO - Ignore initialize admin
2026-04-27 05:09:07,681 - main - INFO - === Application startup completed successfully ===
2026-04-27 05:09:10,962 - core.config - DEBUG - Read dynamic attribute jwt_secret_key from environment variable JWT_SECRET_KEY
2026-04-27 05:09:10,963 - core.config - DEBUG - Read dynamic attribute jwt_algorithm from environment variable JWT_ALGORITHM
2026-04-27 05:09:10,971 - core.auth - DEBUG - Authentication token validated for user hash: 0ccf3a3e
2026-04-27 05:09:11,159 - core.auth - DEBUG - Authentication token validated for user hash: 0ccf3a3e
2026-04-27 05:09:11,159 - core.database - DEBUG - [DB_OP] Starting get_db session creation
2026-04-27 05:09:11,159 - core.database - WARNING - Database session maker not available, attempting lazy initialization...
2026-04-27 05:09:11,159 - core.database - WARNING - Database not initialized, attempting lazy initialization...
2026-04-27 05:09:11,160 - core.database - INFO - Starting database initialization...
2026-04-27 05:09:11,160 - core.config - DEBUG - Read dynamic attribute database_url from environment variable DATABASE_URL
2026-04-27 05:09:11,160 - core.database - INFO - Normalizing database URL for async compatibility...
2026-04-27 05:09:11,160 - core.database - INFO - Creating async database engine...
2026-04-27 05:09:11,161 - core.database - INFO - Using QueuePool with connection pooling for non-Lambda environment
2026-04-27 05:09:11,207 - core.database - INFO - Database engine created successfully
2026-04-27 05:09:11,207 - core.database - INFO - Creating async session maker...
2026-04-27 05:09:11,207 - core.database - INFO - Async session maker created successfully
2026-04-27 05:09:11,207 - core.database - INFO - Database connection initialized successfully
2026-04-27 05:09:11,207 - core.database - DEBUG - [DB_OP] Starting create_tables
2026-04-27 05:09:11,208 - core.database - INFO - 🔧 Starting table creation...
2026-04-27 05:09:12,625 - core.database - INFO - Tables initialized successfully
2026-04-27 05:09:12,626 - core.database - DEBUG - [DB_OP] Create tables completed in 1.4183s
2026-04-27 05:09:12,689 - core.database - INFO - Lazy database initialization completed successfully
2026-04-27 05:09:12,689 - core.database - DEBUG - [DB_OP] Database session created successfully in 1.5300s
2026-04-27 05:09:12,690 - routers.characters - DEBUG - Querying characterss: query={}, sort=-created_at, skip=0, limit=20, fields=None
2026-04-27 05:09:13,264 - routers.characters - DEBUG - Found 2 characterss
2026-04-27 05:09:13,265 - core.database - DEBUG - [DB_OP] Database session cleanup after 2.1060s
2026-04-27 05:09:27,759 - services.database - DEBUG - [DB_OP] Starting database close
2026-04-27 05:09:27,825 - core.database - INFO - Database connection closed and engine disposed
2026-04-27 05:09:27,826 - services.database - INFO - Database connections closed
2026-04-27 05:09:27,826 - services.database - DEBUG - [DB_OP] Database close completed in 0.0667s
