2026-04-27 03:40:28,618 - main - INFO - === Logging system initialized ===
2026-04-27 03:40:28,618 - main - INFO - Log file: logs/app_20260427_034028.log
2026-04-27 03:40:28,618 - main - INFO - Log level: INFO
2026-04-27 03:40:28,619 - main - INFO - Timestamp: 20260427_034028
2026-04-27 03:40:29,762 - main - INFO - Included router: routers.aihub.router
2026-04-27 03:40:29,790 - main - INFO - Included router: routers.auth.router
2026-04-27 03:40:29,877 - main - INFO - Included router: routers.characters.router
2026-04-27 03:40:29,937 - main - INFO - Included router: routers.game_sessions.router
2026-04-27 03:40:29,954 - main - INFO - Included router: routers.gm.router
2026-04-27 03:40:29,957 - main - INFO - Included router: routers.health.router
2026-04-27 03:40:29,983 - main - INFO - Included router: routers.settings.router
2026-04-27 03:40:30,075 - main - INFO - Included router: routers.storage.router
2026-04-27 03:40:30,086 - main - INFO - Included router: routers.user.router
2026-04-27 03:40:30,087 - main - INFO - === Application startup initiated ===
2026-04-27 03:40:30,088 - services.database - INFO - Ignore creating tables
2026-04-27 03:40:30,088 - services.mock_data - INFO - Ignore initialize data
2026-04-27 03:40:30,088 - services.auth - INFO - Ignore initialize admin
2026-04-27 03:40:30,088 - main - INFO - === Application startup completed successfully ===
2026-04-27 03:40:35,284 - core.config - DEBUG - Read dynamic attribute jwt_secret_key from environment variable JWT_SECRET_KEY
2026-04-27 03:40:35,284 - core.config - DEBUG - Read dynamic attribute jwt_algorithm from environment variable JWT_ALGORITHM
2026-04-27 03:40:35,301 - core.auth - DEBUG - Authentication token validated for user hash: 0ccf3a3e
2026-04-27 03:40:35,510 - core.auth - DEBUG - Authentication token validated for user hash: 0ccf3a3e
2026-04-27 03:40:35,511 - core.database - DEBUG - [DB_OP] Starting get_db session creation
2026-04-27 03:40:35,511 - core.database - WARNING - Database session maker not available, attempting lazy initialization...
2026-04-27 03:40:35,511 - core.database - WARNING - Database not initialized, attempting lazy initialization...
2026-04-27 03:40:35,511 - core.database - INFO - Starting database initialization...
2026-04-27 03:40:35,511 - core.config - DEBUG - Read dynamic attribute database_url from environment variable DATABASE_URL
2026-04-27 03:40:35,511 - core.database - INFO - Normalizing database URL for async compatibility...
2026-04-27 03:40:35,513 - core.database - INFO - Creating async database engine...
2026-04-27 03:40:35,513 - core.database - INFO - Using QueuePool with connection pooling for non-Lambda environment
2026-04-27 03:40:35,575 - core.database - INFO - Database engine created successfully
2026-04-27 03:40:35,575 - core.database - INFO - Creating async session maker...
2026-04-27 03:40:35,576 - core.database - INFO - Async session maker created successfully
2026-04-27 03:40:35,576 - core.database - INFO - Database connection initialized successfully
2026-04-27 03:40:35,576 - core.database - DEBUG - [DB_OP] Starting create_tables
2026-04-27 03:40:35,576 - core.database - INFO - 🔧 Starting table creation...
2026-04-27 03:40:37,008 - core.database - INFO - Tables initialized successfully
2026-04-27 03:40:37,009 - core.database - DEBUG - [DB_OP] Create tables completed in 1.4334s
2026-04-27 03:40:37,073 - core.database - INFO - Lazy database initialization completed successfully
2026-04-27 03:40:37,074 - core.database - DEBUG - [DB_OP] Database session created successfully in 1.5631s
2026-04-27 03:40:37,074 - routers.characters - DEBUG - Querying characterss: query={}, sort=-created_at, skip=0, limit=20, fields=None
2026-04-27 03:40:37,653 - routers.characters - DEBUG - Found 1 characterss
2026-04-27 03:40:37,654 - core.database - DEBUG - [DB_OP] Database session cleanup after 2.1433s
2026-04-27 03:44:38,003 - core.auth - DEBUG - Authentication token validated for user hash: 0ccf3a3e
2026-04-27 03:44:38,193 - core.auth - DEBUG - Authentication token validated for user hash: 0ccf3a3e
2026-04-27 03:44:38,194 - core.database - DEBUG - [DB_OP] Starting get_db session creation
2026-04-27 03:44:38,194 - core.database - DEBUG - [DB_OP] Database session created successfully in 0.0004s
2026-04-27 03:44:38,195 - routers.characters - DEBUG - Querying characterss: query={}, sort=-created_at, skip=0, limit=20, fields=None
2026-04-27 03:44:38,575 - routers.characters - DEBUG - Found 1 characterss
2026-04-27 03:44:38,576 - core.database - DEBUG - [DB_OP] Database session cleanup after 0.3820s
2026-04-27 03:48:40,182 - core.auth - DEBUG - Authentication token validated for user hash: 0ccf3a3e
2026-04-27 03:48:40,372 - core.auth - DEBUG - Authentication token validated for user hash: 0ccf3a3e
2026-04-27 03:48:40,372 - core.database - DEBUG - [DB_OP] Starting get_db session creation
2026-04-27 03:48:40,373 - core.database - DEBUG - [DB_OP] Database session created successfully in 0.0002s
2026-04-27 03:48:40,373 - routers.characters - DEBUG - Querying characterss: query={}, sort=-created_at, skip=0, limit=20, fields=None
2026-04-27 03:48:40,877 - routers.characters - DEBUG - Found 1 characterss
2026-04-27 03:48:40,878 - core.database - DEBUG - [DB_OP] Database session cleanup after 0.5053s
2026-04-27 03:54:29,785 - services.database - DEBUG - [DB_OP] Starting database close
2026-04-27 03:54:29,786 - core.database - INFO - Database connection closed and engine disposed
2026-04-27 03:54:29,786 - services.database - INFO - Database connections closed
2026-04-27 03:54:29,786 - services.database - DEBUG - [DB_OP] Database close completed in 0.0011s
