2026-04-22 18:52:27,753 - main - INFO - === Logging system initialized ===
2026-04-22 18:52:27,753 - main - INFO - Log file: logs/app_20260422_185227.log
2026-04-22 18:52:27,753 - main - INFO - Log level: INFO
2026-04-22 18:52:27,753 - main - INFO - Timestamp: 20260422_185227
2026-04-22 18:52:28,707 - main - INFO - Included router: routers.aihub.router
2026-04-22 18:52:28,724 - main - INFO - Included router: routers.auth.router
2026-04-22 18:52:28,779 - main - INFO - Included router: routers.characters.router
2026-04-22 18:52:28,828 - main - INFO - Included router: routers.game_sessions.router
2026-04-22 18:52:28,840 - main - INFO - Included router: routers.gm.router
2026-04-22 18:52:28,842 - main - INFO - Included router: routers.health.router
2026-04-22 18:52:28,862 - main - INFO - Included router: routers.settings.router
2026-04-22 18:52:28,899 - main - INFO - Included router: routers.storage.router
2026-04-22 18:52:28,912 - main - INFO - Included router: routers.user.router
2026-04-22 18:52:28,914 - main - INFO - === Application startup initiated ===
2026-04-22 18:52:28,914 - services.database - INFO - Ignore creating tables
2026-04-22 18:52:28,914 - services.mock_data - INFO - Ignore initialize data
2026-04-22 18:52:28,914 - services.auth - INFO - Ignore initialize admin
2026-04-22 18:52:28,915 - main - INFO - === Application startup completed successfully ===
2026-04-22 18:52:33,180 - core.config - DEBUG - Read dynamic attribute jwt_secret_key from environment variable JWT_SECRET_KEY
2026-04-22 18:52:33,180 - core.config - DEBUG - Read dynamic attribute jwt_algorithm from environment variable JWT_ALGORITHM
2026-04-22 18:52:33,193 - core.auth - DEBUG - Authentication token validated for user hash: 0ccf3a3e
2026-04-22 18:52:33,397 - core.auth - DEBUG - Authentication token validated for user hash: 0ccf3a3e
2026-04-22 18:52:33,398 - core.database - DEBUG - [DB_OP] Starting get_db session creation
2026-04-22 18:52:33,398 - core.database - WARNING - Database session maker not available, attempting lazy initialization...
2026-04-22 18:52:33,398 - core.database - WARNING - Database not initialized, attempting lazy initialization...
2026-04-22 18:52:33,399 - core.database - INFO - Starting database initialization...
2026-04-22 18:52:33,399 - core.config - DEBUG - Read dynamic attribute database_url from environment variable DATABASE_URL
2026-04-22 18:52:33,399 - core.database - INFO - Normalizing database URL for async compatibility...
2026-04-22 18:52:33,400 - core.database - INFO - Creating async database engine...
2026-04-22 18:52:33,401 - core.database - INFO - Using QueuePool with connection pooling for non-Lambda environment
2026-04-22 18:52:33,459 - core.database - INFO - Database engine created successfully
2026-04-22 18:52:33,459 - core.database - INFO - Creating async session maker...
2026-04-22 18:52:33,460 - core.database - INFO - Async session maker created successfully
2026-04-22 18:52:33,460 - core.database - INFO - Database connection initialized successfully
2026-04-22 18:52:33,460 - core.database - DEBUG - [DB_OP] Starting create_tables
2026-04-22 18:52:33,460 - core.database - INFO - 🔧 Starting table creation...
2026-04-22 18:52:34,940 - core.database - INFO - Tables initialized successfully
2026-04-22 18:52:34,941 - core.database - DEBUG - [DB_OP] Create tables completed in 1.4811s
2026-04-22 18:52:35,004 - core.database - INFO - Lazy database initialization completed successfully
2026-04-22 18:52:35,005 - core.database - DEBUG - [DB_OP] Database session created successfully in 1.6070s
2026-04-22 18:52:35,005 - routers.characters - DEBUG - Querying characterss: query={}, sort=-created_at, skip=0, limit=20, fields=None
2026-04-22 18:52:35,579 - routers.characters - DEBUG - Found 1 characterss
2026-04-22 18:52:35,580 - core.database - DEBUG - [DB_OP] Database session cleanup after 2.1822s
2026-04-22 18:56:36,075 - core.auth - DEBUG - Authentication token validated for user hash: 0ccf3a3e
2026-04-22 18:56:36,266 - core.auth - DEBUG - Authentication token validated for user hash: 0ccf3a3e
2026-04-22 18:56:36,267 - core.database - DEBUG - [DB_OP] Starting get_db session creation
2026-04-22 18:56:36,267 - core.database - DEBUG - [DB_OP] Database session created successfully in 0.0002s
2026-04-22 18:56:36,267 - routers.characters - DEBUG - Querying characterss: query={}, sort=-created_at, skip=0, limit=20, fields=None
2026-04-22 18:56:36,646 - routers.characters - DEBUG - Found 1 characterss
2026-04-22 18:56:36,646 - core.database - DEBUG - [DB_OP] Database session cleanup after 0.3796s
2026-04-22 19:00:39,372 - core.auth - DEBUG - Authentication token validated for user hash: 0ccf3a3e
2026-04-22 19:00:39,568 - core.auth - DEBUG - Authentication token validated for user hash: 0ccf3a3e
2026-04-22 19:00:39,568 - core.database - DEBUG - [DB_OP] Starting get_db session creation
2026-04-22 19:00:39,569 - core.database - DEBUG - [DB_OP] Database session created successfully in 0.0003s
2026-04-22 19:00:39,569 - routers.characters - DEBUG - Querying characterss: query={}, sort=-created_at, skip=0, limit=20, fields=None
2026-04-22 19:00:40,071 - routers.characters - DEBUG - Found 1 characterss
2026-04-22 19:00:40,072 - core.database - DEBUG - [DB_OP] Database session cleanup after 0.5039s
2026-04-22 19:03:09,353 - services.database - DEBUG - [DB_OP] Starting database close
2026-04-22 19:03:09,420 - core.database - INFO - Database connection closed and engine disposed
2026-04-22 19:03:09,420 - services.database - INFO - Database connections closed
2026-04-22 19:03:09,420 - services.database - DEBUG - [DB_OP] Database close completed in 0.0671s
