2026-04-22 15:46:24,894 - main - INFO - === Logging system initialized ===
2026-04-22 15:46:24,894 - main - INFO - Log file: logs/app_20260422_154624.log
2026-04-22 15:46:24,894 - main - INFO - Log level: INFO
2026-04-22 15:46:24,894 - main - INFO - Timestamp: 20260422_154624
2026-04-22 15:46:25,791 - main - INFO - Included router: routers.aihub.router
2026-04-22 15:46:25,809 - main - INFO - Included router: routers.auth.router
2026-04-22 15:46:25,861 - main - INFO - Included router: routers.characters.router
2026-04-22 15:46:25,910 - main - INFO - Included router: routers.game_sessions.router
2026-04-22 15:46:25,922 - main - INFO - Included router: routers.gm.router
2026-04-22 15:46:25,924 - main - INFO - Included router: routers.health.router
2026-04-22 15:46:25,942 - main - INFO - Included router: routers.settings.router
2026-04-22 15:46:25,976 - main - INFO - Included router: routers.storage.router
2026-04-22 15:46:25,985 - main - INFO - Included router: routers.user.router
2026-04-22 15:46:25,986 - main - INFO - === Application startup initiated ===
2026-04-22 15:46:25,986 - services.database - INFO - Ignore creating tables
2026-04-22 15:46:25,986 - services.mock_data - INFO - Ignore initialize data
2026-04-22 15:46:25,986 - services.auth - INFO - Ignore initialize admin
2026-04-22 15:46:25,986 - main - INFO - === Application startup completed successfully ===
2026-04-22 15:46:30,350 - core.config - DEBUG - Read dynamic attribute jwt_secret_key from environment variable JWT_SECRET_KEY
2026-04-22 15:46:30,350 - core.config - DEBUG - Read dynamic attribute jwt_algorithm from environment variable JWT_ALGORITHM
2026-04-22 15:46:30,367 - core.auth - DEBUG - Authentication token validated for user hash: 0ccf3a3e
2026-04-22 15:46:30,576 - core.auth - DEBUG - Authentication token validated for user hash: 0ccf3a3e
2026-04-22 15:46:30,576 - core.database - DEBUG - [DB_OP] Starting get_db session creation
2026-04-22 15:46:30,576 - core.database - WARNING - Database session maker not available, attempting lazy initialization...
2026-04-22 15:46:30,577 - core.database - WARNING - Database not initialized, attempting lazy initialization...
2026-04-22 15:46:30,577 - core.database - INFO - Starting database initialization...
2026-04-22 15:46:30,577 - core.config - DEBUG - Read dynamic attribute database_url from environment variable DATABASE_URL
2026-04-22 15:46:30,577 - core.database - INFO - Normalizing database URL for async compatibility...
2026-04-22 15:46:30,578 - core.database - INFO - Creating async database engine...
2026-04-22 15:46:30,579 - core.database - INFO - Using QueuePool with connection pooling for non-Lambda environment
2026-04-22 15:46:30,626 - core.database - INFO - Database engine created successfully
2026-04-22 15:46:30,626 - core.database - INFO - Creating async session maker...
2026-04-22 15:46:30,626 - core.database - INFO - Async session maker created successfully
2026-04-22 15:46:30,627 - core.database - INFO - Database connection initialized successfully
2026-04-22 15:46:30,627 - core.database - DEBUG - [DB_OP] Starting create_tables
2026-04-22 15:46:30,627 - core.database - INFO - 🔧 Starting table creation...
2026-04-22 15:46:32,085 - core.database - INFO - Tables initialized successfully
2026-04-22 15:46:32,086 - core.database - DEBUG - [DB_OP] Create tables completed in 1.4592s
2026-04-22 15:46:32,156 - core.database - INFO - Lazy database initialization completed successfully
2026-04-22 15:46:32,157 - core.database - DEBUG - [DB_OP] Database session created successfully in 1.5803s
2026-04-22 15:46:32,157 - routers.characters - DEBUG - Querying characterss: query={}, sort=-created_at, skip=0, limit=20, fields=None
2026-04-22 15:46:32,733 - routers.characters - DEBUG - Found 0 characterss
2026-04-22 15:46:32,734 - core.database - DEBUG - [DB_OP] Database session cleanup after 2.1576s
2026-04-22 15:50:32,941 - core.auth - DEBUG - Authentication token validated for user hash: 0ccf3a3e
2026-04-22 15:50:33,151 - core.auth - DEBUG - Authentication token validated for user hash: 0ccf3a3e
2026-04-22 15:50:33,152 - core.database - DEBUG - [DB_OP] Starting get_db session creation
2026-04-22 15:50:33,152 - core.database - DEBUG - [DB_OP] Database session created successfully in 0.0003s
2026-04-22 15:50:33,152 - routers.characters - DEBUG - Querying characterss: query={}, sort=-created_at, skip=0, limit=20, fields=None
2026-04-22 15:50:33,534 - routers.characters - DEBUG - Found 0 characterss
2026-04-22 15:50:33,534 - core.database - DEBUG - [DB_OP] Database session cleanup after 0.3828s
2026-04-22 15:54:34,947 - core.auth - DEBUG - Authentication token validated for user hash: 0ccf3a3e
2026-04-22 15:54:35,139 - core.auth - DEBUG - Authentication token validated for user hash: 0ccf3a3e
2026-04-22 15:54:35,140 - core.database - DEBUG - [DB_OP] Starting get_db session creation
2026-04-22 15:54:35,140 - core.database - DEBUG - [DB_OP] Database session created successfully in 0.0002s
2026-04-22 15:54:35,140 - routers.characters - DEBUG - Querying characterss: query={}, sort=-created_at, skip=0, limit=20, fields=None
2026-04-22 15:54:35,647 - routers.characters - DEBUG - Found 0 characterss
2026-04-22 15:54:35,648 - core.database - DEBUG - [DB_OP] Database session cleanup after 0.5078s
2026-04-22 15:57:07,046 - services.database - DEBUG - [DB_OP] Starting database close
2026-04-22 15:57:07,113 - core.database - INFO - Database connection closed and engine disposed
2026-04-22 15:57:07,114 - services.database - INFO - Database connections closed
2026-04-22 15:57:07,114 - services.database - DEBUG - [DB_OP] Database close completed in 0.0683s
