2026-04-22 18:11:03,538 - main - INFO - === Logging system initialized ===
2026-04-22 18:11:03,539 - main - INFO - Log file: logs/app_20260422_181103.log
2026-04-22 18:11:03,539 - main - INFO - Log level: INFO
2026-04-22 18:11:03,539 - main - INFO - Timestamp: 20260422_181103
2026-04-22 18:11:04,569 - main - INFO - Included router: routers.aihub.router
2026-04-22 18:11:04,589 - main - INFO - Included router: routers.auth.router
2026-04-22 18:11:04,655 - main - INFO - Included router: routers.characters.router
2026-04-22 18:11:04,714 - main - INFO - Included router: routers.game_sessions.router
2026-04-22 18:11:04,728 - main - INFO - Included router: routers.gm.router
2026-04-22 18:11:04,730 - main - INFO - Included router: routers.health.router
2026-04-22 18:11:04,751 - main - INFO - Included router: routers.settings.router
2026-04-22 18:11:04,795 - main - INFO - Included router: routers.storage.router
2026-04-22 18:11:04,805 - main - INFO - Included router: routers.user.router
2026-04-22 18:11:04,806 - main - INFO - === Application startup initiated ===
2026-04-22 18:11:04,806 - services.database - INFO - Ignore creating tables
2026-04-22 18:11:04,807 - services.mock_data - INFO - Ignore initialize data
2026-04-22 18:11:04,807 - services.auth - INFO - Ignore initialize admin
2026-04-22 18:11:04,807 - main - INFO - === Application startup completed successfully ===
2026-04-22 18:11:09,189 - core.config - DEBUG - Read dynamic attribute jwt_secret_key from environment variable JWT_SECRET_KEY
2026-04-22 18:11:09,190 - core.config - DEBUG - Read dynamic attribute jwt_algorithm from environment variable JWT_ALGORITHM
2026-04-22 18:11:09,208 - core.auth - DEBUG - Authentication token validated for user hash: 0ccf3a3e
2026-04-22 18:11:09,415 - core.auth - DEBUG - Authentication token validated for user hash: 0ccf3a3e
2026-04-22 18:11:09,415 - core.database - DEBUG - [DB_OP] Starting get_db session creation
2026-04-22 18:11:09,415 - core.database - WARNING - Database session maker not available, attempting lazy initialization...
2026-04-22 18:11:09,416 - core.database - WARNING - Database not initialized, attempting lazy initialization...
2026-04-22 18:11:09,416 - core.database - INFO - Starting database initialization...
2026-04-22 18:11:09,416 - core.config - DEBUG - Read dynamic attribute database_url from environment variable DATABASE_URL
2026-04-22 18:11:09,416 - core.database - INFO - Normalizing database URL for async compatibility...
2026-04-22 18:11:09,417 - core.database - INFO - Creating async database engine...
2026-04-22 18:11:09,417 - core.database - INFO - Using QueuePool with connection pooling for non-Lambda environment
2026-04-22 18:11:09,458 - core.database - INFO - Database engine created successfully
2026-04-22 18:11:09,459 - core.database - INFO - Creating async session maker...
2026-04-22 18:11:09,459 - core.database - INFO - Async session maker created successfully
2026-04-22 18:11:09,459 - core.database - INFO - Database connection initialized successfully
2026-04-22 18:11:09,459 - core.database - DEBUG - [DB_OP] Starting create_tables
2026-04-22 18:11:09,459 - core.database - INFO - 🔧 Starting table creation...
2026-04-22 18:11:10,899 - core.database - INFO - Tables initialized successfully
2026-04-22 18:11:10,900 - core.database - DEBUG - [DB_OP] Create tables completed in 1.4411s
2026-04-22 18:11:10,963 - core.database - INFO - Lazy database initialization completed successfully
2026-04-22 18:11:10,964 - core.database - DEBUG - [DB_OP] Database session created successfully in 1.5486s
2026-04-22 18:11:10,965 - routers.characters - DEBUG - Querying characterss: query={}, sort=-created_at, skip=0, limit=20, fields=None
2026-04-22 18:11:11,546 - routers.characters - DEBUG - Found 1 characterss
2026-04-22 18:11:11,547 - core.database - DEBUG - [DB_OP] Database session cleanup after 2.1316s
2026-04-22 18:17:41,756 - core.auth - DEBUG - Authentication token validated for user hash: 0ccf3a3e
2026-04-22 18:17:41,970 - core.auth - DEBUG - Authentication token validated for user hash: 0ccf3a3e
2026-04-22 18:17:41,970 - core.database - DEBUG - [DB_OP] Starting get_db session creation
2026-04-22 18:17:41,971 - core.database - DEBUG - [DB_OP] Database session created successfully in 0.0006s
2026-04-22 18:17:41,971 - routers.characters - DEBUG - Querying characterss: query={}, sort=-created_at, skip=0, limit=20, fields=None
2026-04-22 18:17:43,255 - routers.characters - DEBUG - Found 1 characterss
2026-04-22 18:17:43,257 - core.database - DEBUG - [DB_OP] Database session cleanup after 1.2866s
2026-04-22 18:21:43,145 - services.database - DEBUG - [DB_OP] Starting database close
2026-04-22 18:21:43,211 - core.database - INFO - Database connection closed and engine disposed
2026-04-22 18:21:43,212 - services.database - INFO - Database connections closed
2026-04-22 18:21:43,212 - services.database - DEBUG - [DB_OP] Database close completed in 0.0671s
