2026-04-27 05:07:41,217 - main - INFO - === Logging system initialized ===
2026-04-27 05:07:41,217 - main - INFO - Log file: logs/app_20260427_050741.log
2026-04-27 05:07:41,217 - main - INFO - Log level: INFO
2026-04-27 05:07:41,217 - main - INFO - Timestamp: 20260427_050741
2026-04-27 05:07:50,396 - main - INFO - Included router: routers.aihub.router
2026-04-27 05:07:50,473 - main - INFO - Included router: routers.auth.router
2026-04-27 05:07:50,587 - main - INFO - Included router: routers.characters.router
2026-04-27 05:07:50,687 - main - INFO - Included router: routers.game_sessions.router
2026-04-27 05:07:50,711 - main - INFO - Included router: routers.gm.router
2026-04-27 05:07:50,713 - main - INFO - Included router: routers.health.router
2026-04-27 05:07:50,737 - main - INFO - Included router: routers.settings.router
2026-04-27 05:07:50,892 - main - INFO - Included router: routers.storage.router
2026-04-27 05:07:50,949 - main - INFO - Included router: routers.user.router
2026-04-27 05:07:50,950 - main - INFO - === Application startup initiated ===
2026-04-27 05:07:50,955 - services.database - INFO - Ignore creating tables
2026-04-27 05:07:50,956 - services.mock_data - INFO - Ignore initialize data
2026-04-27 05:07:50,956 - services.auth - INFO - Ignore initialize admin
2026-04-27 05:07:50,956 - main - INFO - === Application startup completed successfully ===
2026-04-27 05:07:55,136 - core.config - DEBUG - Read dynamic attribute jwt_secret_key from environment variable JWT_SECRET_KEY
2026-04-27 05:07:55,136 - core.config - DEBUG - Read dynamic attribute jwt_algorithm from environment variable JWT_ALGORITHM
2026-04-27 05:07:55,300 - core.auth - DEBUG - Authentication token validated for user hash: 0ccf3a3e
2026-04-27 05:07:55,520 - core.auth - DEBUG - Authentication token validated for user hash: 0ccf3a3e
2026-04-27 05:07:55,520 - core.database - DEBUG - [DB_OP] Starting get_db session creation
2026-04-27 05:07:55,521 - core.database - WARNING - Database session maker not available, attempting lazy initialization...
2026-04-27 05:07:55,521 - core.database - WARNING - Database not initialized, attempting lazy initialization...
2026-04-27 05:07:55,521 - core.database - INFO - Starting database initialization...
2026-04-27 05:07:55,521 - core.config - DEBUG - Read dynamic attribute database_url from environment variable DATABASE_URL
2026-04-27 05:07:55,521 - core.database - INFO - Normalizing database URL for async compatibility...
2026-04-27 05:07:55,522 - core.database - INFO - Creating async database engine...
2026-04-27 05:07:55,522 - core.database - INFO - Using QueuePool with connection pooling for non-Lambda environment
2026-04-27 05:07:55,566 - core.database - INFO - Database engine created successfully
2026-04-27 05:07:55,567 - core.database - INFO - Creating async session maker...
2026-04-27 05:07:55,567 - core.database - INFO - Async session maker created successfully
2026-04-27 05:07:55,567 - core.database - INFO - Database connection initialized successfully
2026-04-27 05:07:55,567 - core.database - DEBUG - [DB_OP] Starting create_tables
2026-04-27 05:07:55,567 - core.database - INFO - 🔧 Starting table creation...
2026-04-27 05:07:57,009 - core.database - INFO - Tables initialized successfully
2026-04-27 05:07:57,010 - core.database - DEBUG - [DB_OP] Create tables completed in 1.4428s
2026-04-27 05:07:57,073 - core.database - INFO - Lazy database initialization completed successfully
2026-04-27 05:07:57,074 - core.database - DEBUG - [DB_OP] Database session created successfully in 1.5534s
2026-04-27 05:07:57,075 - routers.characters - DEBUG - Querying characterss: query={}, sort=-created_at, skip=0, limit=20, fields=None
2026-04-27 05:07:57,667 - routers.characters - DEBUG - Found 2 characterss
2026-04-27 05:07:57,668 - core.database - DEBUG - [DB_OP] Database session cleanup after 2.1471s
2026-04-27 05:08:48,693 - core.auth - DEBUG - Authentication token validated for user hash: 0ccf3a3e
2026-04-27 05:08:48,880 - core.auth - DEBUG - Authentication token validated for user hash: 0ccf3a3e
2026-04-27 05:08:48,880 - core.database - DEBUG - [DB_OP] Starting get_db session creation
2026-04-27 05:08:48,881 - core.database - DEBUG - [DB_OP] Database session created successfully in 0.0003s
2026-04-27 05:08:48,881 - routers.characters - DEBUG - Querying characterss: query={}, sort=-created_at, skip=0, limit=20, fields=None
2026-04-27 05:08:49,025 - dependencies.auth - DEBUG - Authentication required for request GET /api/v1/auth/me
2026-04-27 05:08:49,265 - routers.characters - DEBUG - Found 2 characterss
2026-04-27 05:08:49,266 - core.database - DEBUG - [DB_OP] Database session cleanup after 0.3857s
2026-04-27 05:08:56,286 - services.database - DEBUG - [DB_OP] Starting database close
2026-04-27 05:08:56,353 - core.database - INFO - Database connection closed and engine disposed
2026-04-27 05:08:56,354 - services.database - INFO - Database connections closed
2026-04-27 05:08:56,354 - services.database - DEBUG - [DB_OP] Database close completed in 0.0684s
