2026-04-22 18:21:25,105 - main - INFO - === Logging system initialized ===
2026-04-22 18:21:25,106 - main - INFO - Log file: logs/app_20260422_182125.log
2026-04-22 18:21:25,106 - main - INFO - Log level: INFO
2026-04-22 18:21:25,106 - main - INFO - Timestamp: 20260422_182125
2026-04-22 18:21:26,088 - main - INFO - Included router: routers.aihub.router
2026-04-22 18:21:26,109 - main - INFO - Included router: routers.auth.router
2026-04-22 18:21:26,172 - main - INFO - Included router: routers.characters.router
2026-04-22 18:21:26,221 - main - INFO - Included router: routers.game_sessions.router
2026-04-22 18:21:26,235 - main - INFO - Included router: routers.gm.router
2026-04-22 18:21:26,238 - main - INFO - Included router: routers.health.router
2026-04-22 18:21:26,259 - main - INFO - Included router: routers.settings.router
2026-04-22 18:21:26,296 - main - INFO - Included router: routers.storage.router
2026-04-22 18:21:26,305 - main - INFO - Included router: routers.user.router
2026-04-22 18:21:26,306 - main - INFO - === Application startup initiated ===
2026-04-22 18:21:26,306 - services.database - INFO - Ignore creating tables
2026-04-22 18:21:26,306 - services.mock_data - INFO - Ignore initialize data
2026-04-22 18:21:26,307 - services.auth - INFO - Ignore initialize admin
2026-04-22 18:21:26,307 - main - INFO - === Application startup completed successfully ===
2026-04-22 18:21:31,635 - core.config - DEBUG - Read dynamic attribute jwt_secret_key from environment variable JWT_SECRET_KEY
2026-04-22 18:21:31,636 - core.config - DEBUG - Read dynamic attribute jwt_algorithm from environment variable JWT_ALGORITHM
2026-04-22 18:21:31,653 - core.auth - DEBUG - Authentication token validated for user hash: 0ccf3a3e
2026-04-22 18:21:31,850 - core.auth - DEBUG - Authentication token validated for user hash: 0ccf3a3e
2026-04-22 18:21:31,850 - core.database - DEBUG - [DB_OP] Starting get_db session creation
2026-04-22 18:21:31,851 - core.database - WARNING - Database session maker not available, attempting lazy initialization...
2026-04-22 18:21:31,851 - core.database - WARNING - Database not initialized, attempting lazy initialization...
2026-04-22 18:21:31,851 - core.database - INFO - Starting database initialization...
2026-04-22 18:21:31,852 - core.config - DEBUG - Read dynamic attribute database_url from environment variable DATABASE_URL
2026-04-22 18:21:31,852 - core.database - INFO - Normalizing database URL for async compatibility...
2026-04-22 18:21:31,853 - core.database - INFO - Creating async database engine...
2026-04-22 18:21:31,853 - core.database - INFO - Using QueuePool with connection pooling for non-Lambda environment
2026-04-22 18:21:31,911 - core.database - INFO - Database engine created successfully
2026-04-22 18:21:31,912 - core.database - INFO - Creating async session maker...
2026-04-22 18:21:31,912 - core.database - INFO - Async session maker created successfully
2026-04-22 18:21:31,912 - core.database - INFO - Database connection initialized successfully
2026-04-22 18:21:31,912 - core.database - DEBUG - [DB_OP] Starting create_tables
2026-04-22 18:21:31,913 - core.database - INFO - 🔧 Starting table creation...
2026-04-22 18:21:33,327 - core.database - INFO - Tables initialized successfully
2026-04-22 18:21:33,327 - core.database - DEBUG - [DB_OP] Create tables completed in 1.4146s
2026-04-22 18:21:33,390 - core.database - INFO - Lazy database initialization completed successfully
2026-04-22 18:21:33,391 - core.database - DEBUG - [DB_OP] Database session created successfully in 1.5402s
2026-04-22 18:21:33,391 - routers.characters - DEBUG - Querying characterss: query={}, sort=-created_at, skip=0, limit=20, fields=None
2026-04-22 18:21:33,963 - routers.characters - DEBUG - Found 1 characterss
2026-04-22 18:21:33,964 - core.database - DEBUG - [DB_OP] Database session cleanup after 2.1136s
2026-04-22 18:25:33,513 - core.auth - DEBUG - Authentication token validated for user hash: 0ccf3a3e
2026-04-22 18:25:33,699 - core.auth - DEBUG - Authentication token validated for user hash: 0ccf3a3e
2026-04-22 18:25:33,700 - core.database - DEBUG - [DB_OP] Starting get_db session creation
2026-04-22 18:25:33,700 - core.database - DEBUG - [DB_OP] Database session created successfully in 0.0004s
2026-04-22 18:25:33,701 - routers.characters - DEBUG - Querying characterss: query={}, sort=-created_at, skip=0, limit=20, fields=None
2026-04-22 18:25:34,077 - routers.characters - DEBUG - Found 1 characterss
2026-04-22 18:25:34,079 - core.database - DEBUG - [DB_OP] Database session cleanup after 0.3788s
2026-04-22 18:29:35,686 - core.auth - DEBUG - Authentication token validated for user hash: 0ccf3a3e
2026-04-22 18:29:35,874 - core.auth - DEBUG - Authentication token validated for user hash: 0ccf3a3e
2026-04-22 18:29:35,875 - core.database - DEBUG - [DB_OP] Starting get_db session creation
2026-04-22 18:29:35,875 - core.database - DEBUG - [DB_OP] Database session created successfully in 0.0003s
2026-04-22 18:29:35,875 - routers.characters - DEBUG - Querying characterss: query={}, sort=-created_at, skip=0, limit=20, fields=None
2026-04-22 18:29:36,375 - routers.characters - DEBUG - Found 1 characterss
2026-04-22 18:29:36,375 - core.database - DEBUG - [DB_OP] Database session cleanup after 0.5006s
2026-04-22 18:32:05,548 - services.database - DEBUG - [DB_OP] Starting database close
2026-04-22 18:32:05,613 - core.database - INFO - Database connection closed and engine disposed
2026-04-22 18:32:05,614 - services.database - INFO - Database connections closed
2026-04-22 18:32:05,614 - services.database - DEBUG - [DB_OP] Database close completed in 0.0662s
