2026-04-22 18:42:05,537 - main - INFO - === Logging system initialized ===
2026-04-22 18:42:05,537 - main - INFO - Log file: logs/app_20260422_184205.log
2026-04-22 18:42:05,537 - main - INFO - Log level: INFO
2026-04-22 18:42:05,538 - main - INFO - Timestamp: 20260422_184205
2026-04-22 18:42:06,454 - main - INFO - Included router: routers.aihub.router
2026-04-22 18:42:06,472 - main - INFO - Included router: routers.auth.router
2026-04-22 18:42:06,526 - main - INFO - Included router: routers.characters.router
2026-04-22 18:42:06,574 - main - INFO - Included router: routers.game_sessions.router
2026-04-22 18:42:06,588 - main - INFO - Included router: routers.gm.router
2026-04-22 18:42:06,590 - main - INFO - Included router: routers.health.router
2026-04-22 18:42:06,609 - main - INFO - Included router: routers.settings.router
2026-04-22 18:42:06,644 - main - INFO - Included router: routers.storage.router
2026-04-22 18:42:06,652 - main - INFO - Included router: routers.user.router
2026-04-22 18:42:06,653 - main - INFO - === Application startup initiated ===
2026-04-22 18:42:06,653 - services.database - INFO - Ignore creating tables
2026-04-22 18:42:06,653 - services.mock_data - INFO - Ignore initialize data
2026-04-22 18:42:06,653 - services.auth - INFO - Ignore initialize admin
2026-04-22 18:42:06,653 - main - INFO - === Application startup completed successfully ===
2026-04-22 18:42:11,198 - core.config - DEBUG - Read dynamic attribute jwt_secret_key from environment variable JWT_SECRET_KEY
2026-04-22 18:42:11,198 - core.config - DEBUG - Read dynamic attribute jwt_algorithm from environment variable JWT_ALGORITHM
2026-04-22 18:42:11,218 - core.auth - DEBUG - Authentication token validated for user hash: 0ccf3a3e
2026-04-22 18:42:11,424 - core.auth - DEBUG - Authentication token validated for user hash: 0ccf3a3e
2026-04-22 18:42:11,424 - core.database - DEBUG - [DB_OP] Starting get_db session creation
2026-04-22 18:42:11,424 - core.database - WARNING - Database session maker not available, attempting lazy initialization...
2026-04-22 18:42:11,425 - core.database - WARNING - Database not initialized, attempting lazy initialization...
2026-04-22 18:42:11,425 - core.database - INFO - Starting database initialization...
2026-04-22 18:42:11,425 - core.config - DEBUG - Read dynamic attribute database_url from environment variable DATABASE_URL
2026-04-22 18:42:11,425 - core.database - INFO - Normalizing database URL for async compatibility...
2026-04-22 18:42:11,426 - core.database - INFO - Creating async database engine...
2026-04-22 18:42:11,427 - core.database - INFO - Using QueuePool with connection pooling for non-Lambda environment
2026-04-22 18:42:11,470 - core.database - INFO - Database engine created successfully
2026-04-22 18:42:11,470 - core.database - INFO - Creating async session maker...
2026-04-22 18:42:11,470 - core.database - INFO - Async session maker created successfully
2026-04-22 18:42:11,470 - core.database - INFO - Database connection initialized successfully
2026-04-22 18:42:11,471 - core.database - DEBUG - [DB_OP] Starting create_tables
2026-04-22 18:42:11,471 - core.database - INFO - 🔧 Starting table creation...
2026-04-22 18:42:12,936 - core.database - INFO - Tables initialized successfully
2026-04-22 18:42:12,936 - core.database - DEBUG - [DB_OP] Create tables completed in 1.4657s
2026-04-22 18:42:12,999 - core.database - INFO - Lazy database initialization completed successfully
2026-04-22 18:42:13,000 - core.database - DEBUG - [DB_OP] Database session created successfully in 1.5754s
2026-04-22 18:42:13,000 - routers.characters - DEBUG - Querying characterss: query={}, sort=-created_at, skip=0, limit=20, fields=None
2026-04-22 18:42:13,583 - routers.characters - DEBUG - Found 1 characterss
2026-04-22 18:42:13,584 - core.database - DEBUG - [DB_OP] Database session cleanup after 2.1598s
2026-04-22 18:46:13,701 - core.auth - DEBUG - Authentication token validated for user hash: 0ccf3a3e
2026-04-22 18:46:13,891 - core.auth - DEBUG - Authentication token validated for user hash: 0ccf3a3e
2026-04-22 18:46:13,892 - core.database - DEBUG - [DB_OP] Starting get_db session creation
2026-04-22 18:46:13,892 - core.database - DEBUG - [DB_OP] Database session created successfully in 0.0003s
2026-04-22 18:46:13,892 - routers.characters - DEBUG - Querying characterss: query={}, sort=-created_at, skip=0, limit=20, fields=None
2026-04-22 18:46:14,269 - routers.characters - DEBUG - Found 1 characterss
2026-04-22 18:46:14,270 - core.database - DEBUG - [DB_OP] Database session cleanup after 0.3780s
2026-04-22 18:50:16,583 - core.auth - DEBUG - Authentication token validated for user hash: 0ccf3a3e
2026-04-22 18:50:16,786 - core.auth - DEBUG - Authentication token validated for user hash: 0ccf3a3e
2026-04-22 18:50:16,787 - core.database - DEBUG - [DB_OP] Starting get_db session creation
2026-04-22 18:50:16,787 - core.database - DEBUG - [DB_OP] Database session created successfully in 0.0002s
2026-04-22 18:50:16,787 - routers.characters - DEBUG - Querying characterss: query={}, sort=-created_at, skip=0, limit=20, fields=None
2026-04-22 18:50:17,290 - routers.characters - DEBUG - Found 1 characterss
2026-04-22 18:50:17,290 - core.database - DEBUG - [DB_OP] Database session cleanup after 0.5038s
2026-04-22 18:52:45,838 - services.database - DEBUG - [DB_OP] Starting database close
2026-04-22 18:52:45,904 - core.database - INFO - Database connection closed and engine disposed
2026-04-22 18:52:45,905 - services.database - INFO - Database connections closed
2026-04-22 18:52:45,905 - services.database - DEBUG - [DB_OP] Database close completed in 0.0670s
