2026-04-27 03:18:13,484 - main - INFO - === Logging system initialized ===
2026-04-27 03:18:13,484 - main - INFO - Log file: logs/app_20260427_031813.log
2026-04-27 03:18:13,484 - main - INFO - Log level: INFO
2026-04-27 03:18:13,484 - main - INFO - Timestamp: 20260427_031813
2026-04-27 03:18:14,539 - main - INFO - Included router: routers.aihub.router
2026-04-27 03:18:14,562 - main - INFO - Included router: routers.auth.router
2026-04-27 03:18:14,640 - main - INFO - Included router: routers.characters.router
2026-04-27 03:18:14,709 - main - INFO - Included router: routers.game_sessions.router
2026-04-27 03:18:14,727 - main - INFO - Included router: routers.gm.router
2026-04-27 03:18:14,731 - main - INFO - Included router: routers.health.router
2026-04-27 03:18:14,760 - main - INFO - Included router: routers.settings.router
2026-04-27 03:18:14,811 - main - INFO - Included router: routers.storage.router
2026-04-27 03:18:14,824 - main - INFO - Included router: routers.user.router
2026-04-27 03:18:14,825 - main - INFO - === Application startup initiated ===
2026-04-27 03:18:14,825 - services.database - INFO - Ignore creating tables
2026-04-27 03:18:14,826 - services.mock_data - INFO - Ignore initialize data
2026-04-27 03:18:14,826 - services.auth - INFO - Ignore initialize admin
2026-04-27 03:18:14,826 - main - INFO - === Application startup completed successfully ===
2026-04-27 03:18:19,403 - core.config - DEBUG - Read dynamic attribute jwt_secret_key from environment variable JWT_SECRET_KEY
2026-04-27 03:18:19,403 - core.config - DEBUG - Read dynamic attribute jwt_algorithm from environment variable JWT_ALGORITHM
2026-04-27 03:18:19,416 - core.auth - DEBUG - Authentication token validated for user hash: 0ccf3a3e
2026-04-27 03:18:19,619 - core.auth - DEBUG - Authentication token validated for user hash: 0ccf3a3e
2026-04-27 03:18:19,619 - core.database - DEBUG - [DB_OP] Starting get_db session creation
2026-04-27 03:18:19,619 - core.database - WARNING - Database session maker not available, attempting lazy initialization...
2026-04-27 03:18:19,619 - core.database - WARNING - Database not initialized, attempting lazy initialization...
2026-04-27 03:18:19,620 - core.database - INFO - Starting database initialization...
2026-04-27 03:18:19,620 - core.config - DEBUG - Read dynamic attribute database_url from environment variable DATABASE_URL
2026-04-27 03:18:19,620 - core.database - INFO - Normalizing database URL for async compatibility...
2026-04-27 03:18:19,621 - core.database - INFO - Creating async database engine...
2026-04-27 03:18:19,621 - core.database - INFO - Using QueuePool with connection pooling for non-Lambda environment
2026-04-27 03:18:19,678 - core.database - INFO - Database engine created successfully
2026-04-27 03:18:19,679 - core.database - INFO - Creating async session maker...
2026-04-27 03:18:19,681 - core.database - INFO - Async session maker created successfully
2026-04-27 03:18:19,681 - core.database - INFO - Database connection initialized successfully
2026-04-27 03:18:19,681 - core.database - DEBUG - [DB_OP] Starting create_tables
2026-04-27 03:18:19,681 - core.database - INFO - 🔧 Starting table creation...
2026-04-27 03:18:21,135 - core.database - INFO - Tables initialized successfully
2026-04-27 03:18:21,136 - core.database - DEBUG - [DB_OP] Create tables completed in 1.4544s
2026-04-27 03:18:21,200 - core.database - INFO - Lazy database initialization completed successfully
2026-04-27 03:18:21,201 - core.database - DEBUG - [DB_OP] Database session created successfully in 1.5816s
2026-04-27 03:18:21,202 - routers.characters - DEBUG - Querying characterss: query={}, sort=-created_at, skip=0, limit=20, fields=None
2026-04-27 03:18:21,786 - routers.characters - DEBUG - Found 1 characterss
2026-04-27 03:18:21,787 - core.database - DEBUG - [DB_OP] Database session cleanup after 2.1681s
2026-04-27 03:18:28,836 - services.database - DEBUG - [DB_OP] Starting database close
2026-04-27 03:18:28,903 - core.database - INFO - Database connection closed and engine disposed
2026-04-27 03:18:28,904 - services.database - INFO - Database connections closed
2026-04-27 03:18:28,904 - services.database - DEBUG - [DB_OP] Database close completed in 0.0680s
